<?xml version="1.0" encoding="UTF-8" ?>
<testsuite errors="0" failures="0" hostname="airbears2-10-142-100-181.airbears2.1918.berkeley.edu" name="com.flatironschool.javacs.ListClientExampleTest" skipped="0" tests="1" time="0.076" timestamp="2016-04-04T07:09:08">
  <properties>
    <property name="java.vendor" value="Oracle Corporation" />
    <property name="sun.java.launcher" value="SUN_STANDARD" />
    <property name="env.XPC_SERVICE_NAME" value="0" />
    <property name="sun.management.compiler" value="HotSpot 64-Bit Tiered Compilers" />
    <property name="env._system_arch" value="x86_64" />
    <property name="env.GEM_HOME" value="/Users/floraxue/.rvm/gems/ruby-2.3.0" />
    <property name="os.name" value="Mac OS X" />
    <property name="sun.boot.class.path" value="/Library/Java/JavaVirtualMachines/jdk1.8.0_77.jdk/Contents/Home/jre/lib/resources.jar:/Library/Java/JavaVirtualMachines/jdk1.8.0_77.jdk/Contents/Home/jre/lib/rt.jar:/Library/Java/JavaVirtualMachines/jdk1.8.0_77.jdk/Contents/Home/jre/lib/sunrsasign.jar:/Library/Java/JavaVirtualMachines/jdk1.8.0_77.jdk/Contents/Home/jre/lib/jsse.jar:/Library/Java/JavaVirtualMachines/jdk1.8.0_77.jdk/Contents/Home/jre/lib/jce.jar:/Library/Java/JavaVirtualMachines/jdk1.8.0_77.jdk/Contents/Home/jre/lib/charsets.jar:/Library/Java/JavaVirtualMachines/jdk1.8.0_77.jdk/Contents/Home/jre/lib/jfr.jar:/Library/Java/JavaVirtualMachines/jdk1.8.0_77.jdk/Contents/Home/jre/classes" />
    <property name="env.TMPDIR" value="/var/folders/zl/x2jwn7pn2ss5tfmwjvd3fxg80000gn/T/" />
    <property name="env.PWD" value="/Users/floraxue/codeu/cs-swapping-implementations-lab-codeU" />
    <property name="env.LANG" value="en_US.UTF-8" />
    <property name="java.vm.specification.vendor" value="Oracle Corporation" />
    <property name="ant.home" value="/usr/local/Cellar/ant/1.9.6/libexec" />
    <property name="java.runtime.version" value="1.8.0_77-b03" />
    <property name="env.MY_RUBY_HOME" value="/Users/floraxue/.rvm/rubies/ruby-2.3.0" />
    <property name="env.Apple_PubSub_Socket_Render" value="/private/tmp/com.apple.launchd.fotnd2jYyp/Render" />
    <property name="env.rvm_version" value="1.27.0 (latest)" />
    <property name="user.name" value="floraxue" />
    <property name="env.USER" value="floraxue" />
    <property name="env.SHELL" value="/bin/bash" />
    <property name="env.__CF_USER_TEXT_ENCODING" value="0x1F5:0x0:0x0" />
    <property name="env._system_type" value="Darwin" />
    <property name="env.PATH" value="/Users/floraxue/.rvm/gems/ruby-2.3.0/bin:/Users/floraxue/.rvm/gems/ruby-2.3.0@global/bin:/Users/floraxue/.rvm/rubies/ruby-2.3.0/bin:/Users/floraxue/anaconda3/bin:/Library/Frameworks/Python.framework/Versions/3.4/bin:/usr/local/bin:/usr/bin:/bin:/usr/sbin:/sbin:/Library/TeX/texbin:/Users/floraxue/.rvm/bin" />
    <property name="user.language" value="en" />
    <property name="env.rvm_prefix" value="/Users/floraxue" />
    <property name="sun.boot.library.path" value="/Library/Java/JavaVirtualMachines/jdk1.8.0_77.jdk/Contents/Home/jre/lib" />
    <property name="ant.project.default-target" value="build" />
    <property name="env.XPC_FLAGS" value="0x0" />
    <property name="ant.project.name" value="JavaCS" />
    <property name="env.rvm_path" value="/Users/floraxue/.rvm" />
    <property name="env.RUBY_VERSION" value="ruby-2.3.0" />
    <property name="java.version" value="1.8.0_77" />
    <property name="user.timezone" value="" />
    <property name="sun.arch.data.model" value="64" />
    <property name="env._system_name" value="OSX" />
    <property name="http.nonProxyHosts" value="local|*.local|169.254/16|*.169.254/16" />
    <property name="java.endorsed.dirs" value="/Library/Java/JavaVirtualMachines/jdk1.8.0_77.jdk/Contents/Home/jre/lib/endorsed" />
    <property name="sun.cpu.isalist" value="" />
    <property name="sun.jnu.encoding" value="UTF-8" />
    <property name="env.rvm_bin_path" value="/Users/floraxue/.rvm/bin" />
    <property name="file.encoding.pkg" value="sun.io" />
    <property name="env.SHLVL" value="3" />
    <property name="file.separator" value="/" />
    <property name="env._system_version" value="10.11" />
    <property name="java.specification.name" value="Java Platform API Specification" />
    <property name="java.class.version" value="52.0" />
    <property name="user.country" value="US" />
    <property name="ant.file.JavaCS" value="/Users/floraxue/codeu/cs-swapping-implementations-lab-codeU/javacs-lab01/build.xml" />
    <property name="java.home" value="/Library/Java/JavaVirtualMachines/jdk1.8.0_77.jdk/Contents/Home/jre" />
    <property name="java.vm.info" value="mixed mode" />
    <property name="env.LOGNAME" value="floraxue" />
    <property name="ant.file" value="/Users/floraxue/codeu/cs-swapping-implementations-lab-codeU/javacs-lab01/build.xml" />
    <property name="os.version" value="10.11.3" />
    <property name="env.TERM_PROGRAM_VERSION" value="361.1" />
    <property name="path.separator" value=":" />
    <property name="java.vm.version" value="25.77-b03" />
    <property name="ant.library.dir" value="/usr/local/Cellar/ant/1.9.6/libexec/lib" />
    <property name="env.JAVA_MAIN_CLASS_21469" value="org.apache.tools.ant.launch.Launcher" />
    <property name="junit.output.dir" value="junit" />
    <property name="env.IRBRC" value="/Users/floraxue/.rvm/rubies/ruby-2.3.0/.irbrc" />
    <property name="java.awt.printerjob" value="sun.lwawt.macosx.CPrinterJob" />
    <property name="env.TERM" value="xterm-256color" />
    <property name="sun.io.unicode.encoding" value="UnicodeBig" />
    <property name="awt.toolkit" value="sun.lwawt.macosx.LWCToolkit" />
    <property name="socksNonProxyHosts" value="local|*.local|169.254/16|*.169.254/16" />
    <property name="ftp.nonProxyHosts" value="local|*.local|169.254/16|*.169.254/16" />
    <property name="env.GEM_PATH" value="/Users/floraxue/.rvm/gems/ruby-2.3.0:/Users/floraxue/.rvm/gems/ruby-2.3.0@global" />
    <property name="user.home" value="/Users/floraxue" />
    <property name="target" value="1.6" />
    <property name="java.specification.vendor" value="Oracle Corporation" />
    <property name="env.CLASSPATH" value=":/Users/floraxue/cs61b/acg/javalib/*:./" />
    <property name="env.CS61B_LIB_DIR" value="/Users/floraxue/cs61b/acg/javalib/*" />
    <property name="env.TERM_PROGRAM" value="Apple_Terminal" />
    <property name="java.vendor.url" value="http://java.oracle.com/" />
    <property name="java.library.path" value="/Users/floraxue/Library/Java/Extensions:/Library/Java/Extensions:/Network/Library/Java/Extensions:/System/Library/Java/Extensions:/usr/lib/java:." />
    <property name="gopherProxySet" value="false" />
    <property name="java.vm.vendor" value="Oracle Corporation" />
    <property name="java.runtime.name" value="Java(TM) SE Runtime Environment" />
    <property name="ant.version" value="Apache Ant(TM) version 1.9.6 compiled on June 29 2015" />
    <property name="sun.java.command" value="org.apache.tools.ant.taskdefs.optional.junit.JUnitTestRunner com.flatironschool.javacs.ListClientExampleTest skipNonTests=false filtertrace=true haltOnError=false haltOnFailure=false formatter=org.apache.tools.ant.taskdefs.optional.junit.OutErrSummaryJUnitResultFormatter showoutput=false outputtoformatters=true logfailedtests=true threadid=0 logtestlistenerevents=false formatter=org.apache.tools.ant.taskdefs.optional.junit.XMLJUnitResultFormatter,/Users/floraxue/codeu/cs-swapping-implementations-lab-codeU/javacs-lab01/junit/TEST-com.flatironschool.javacs.ListClientExampleTest.xml formatter=org.apache.tools.ant.taskdefs.optional.junit.PlainJUnitResultFormatter crashfile=/Users/floraxue/codeu/cs-swapping-implementations-lab-codeU/javacs-lab01/junitvmwatcher2365082708034637627.properties propsfile=/Users/floraxue/codeu/cs-swapping-implementations-lab-codeU/javacs-lab01/junit6211518717747002961.properties" />
    <property name="java.class.path" value="/Users/floraxue/codeu/cs-swapping-implementations-lab-codeU/javacs-lab01/bin:/Users/floraxue/codeu/cs-swapping-implementations-lab-codeU/javacs-lab01/lib/junit-4.12.jar:/Users/floraxue/codeu/cs-swapping-implementations-lab-codeU/javacs-lab01/lib/hamcrest-core-1.3.jar:/Users/floraxue/cs61b/acg/javalib/algs4.jar:/Users/floraxue/cs61b/acg/javalib/Automaton-1.3.2-all-deps.jar:/Users/floraxue/cs61b/acg/javalib/checkstyle-6.15-all.jar:/Users/floraxue/cs61b/acg/javalib/classmexer.jar:/Users/floraxue/cs61b/acg/javalib/gjdb.jar:/Users/floraxue/cs61b/acg/javalib/hamcrest-core-1.3.jar:/Users/floraxue/cs61b/acg/javalib/Jama-1.0.3.jar:/Users/floraxue/cs61b/acg/javalib/jh61b.jar:/Users/floraxue/cs61b/acg/javalib/junit-4.12.jar:/Users/floraxue/cs61b/acg/javalib/reflections-0.9.9-RC1-uberjar.jar:/Users/floraxue/cs61b/acg/javalib/stdlib-package.jar:/Users/floraxue/cs61b/acg/javalib/stdlib.jar:/Users/floraxue/codeu/cs-swapping-implementations-lab-codeU/javacs-lab01:/usr/local/Cellar/ant/1.9.6/libexec/lib/ant-launcher.jar:/usr/local/Cellar/ant/1.9.6/libexec/lib/ant.jar:/usr/local/Cellar/ant/1.9.6/libexec/lib/ant-junit.jar:/usr/local/Cellar/ant/1.9.6/libexec/lib/ant-junit4.jar" />
    <property name="env.TERM_SESSION_ID" value="FEF0D475-96D2-46F8-B350-FB7E07D9DB17" />
    <property name="ant.file.type.JavaCS" value="file" />
    <property name="java.vm.specification.name" value="Java Virtual Machine Specification" />
    <property name="ant.file.type" value="file" />
    <property name="java.vm.specification.version" value="1.8" />
    <property name="sun.cpu.endian" value="little" />
    <property name="sun.os.patch.level" value="unknown" />
    <property name="debuglevel" value="source,lines,vars" />
    <property name="env.HOME" value="/Users/floraxue" />
    <property name="java.io.tmpdir" value="/var/folders/zl/x2jwn7pn2ss5tfmwjvd3fxg80000gn/T/" />
    <property name="java.vendor.url.bug" value="http://bugreport.sun.com/bugreport/" />
    <property name="env.SSH_AUTH_SOCK" value="/private/tmp/com.apple.launchd.9XxQFrqtZX/Listeners" />
    <property name="java.awt.graphicsenv" value="sun.awt.CGraphicsEnvironment" />
    <property name="os.arch" value="x86_64" />
    <property name="java.ext.dirs" value="/Users/floraxue/Library/Java/Extensions:/Library/Java/JavaVirtualMachines/jdk1.8.0_77.jdk/Contents/Home/jre/lib/ext:/Library/Java/Extensions:/Network/Library/Java/Extensions:/System/Library/Java/Extensions:/usr/lib/java" />
    <property name="user.dir" value="/Users/floraxue/codeu/cs-swapping-implementations-lab-codeU" />
    <property name="line.separator" value="&#xa;" />
    <property name="java.vm.name" value="Java HotSpot(TM) 64-Bit Server VM" />
    <property name="basedir" value="/Users/floraxue/codeu/cs-swapping-implementations-lab-codeU/javacs-lab01" />
    <property name="ant.java.version" value="1.8" />
    <property name="ant.core.lib" value="/usr/local/Cellar/ant/1.9.6/libexec/lib/ant.jar" />
    <property name="source" value="1.6" />
    <property name="file.encoding" value="UTF-8" />
    <property name="java.specification.version" value="1.8" />
    <property name="ant.project.invoked-targets" value="test" />
  </properties>
  <testcase classname="com.flatironschool.javacs.ListClientExampleTest" name="testListClientExample" time="0.003" />
  <system-out><![CDATA[]]></system-out>
  <system-err><![CDATA[]]></system-err>
</testsuite>
